time="2022-02-26T13:47:08+05:00" level=info msg="Success initializing configs" func="github.com/Traking-work/traking-backend.git/internal/app.(*Server).Run()" file="app.go:31"
time="2022-02-26T13:47:08+05:00" level=info msg="Success loading env variables" func="github.com/Traking-work/traking-backend.git/internal/app.(*Server).Run()" file="app.go:37"
time="2022-02-26T13:47:18+05:00" level=fatal msg="Error connect mongodb: error parsing uri: lookup _mongodb._tcp.cluster0.ykyjv.mongodb.net on 127.0.0.53:53: cannot marshal DNS message" func="github.com/Traking-work/traking-backend.git/internal/app.(*Server).Run()" file="app.go:42"
time="2022-02-26T13:47:22+05:00" level=info msg="Success initializing configs" func="github.com/Traking-work/traking-backend.git/internal/app.(*Server).Run()" file="app.go:31"
time="2022-02-26T13:47:22+05:00" level=info msg="Success loading env variables" func="github.com/Traking-work/traking-backend.git/internal/app.(*Server).Run()" file="app.go:37"
time="2022-02-26T13:47:29+05:00" level=info msg="Success connect mongodb" func="github.com/Traking-work/traking-backend.git/internal/app.(*Server).Run()" file="app.go:44"
time="2022-02-26T13:47:29+05:00" level=info msg="Listen server..." func="github.com/Traking-work/traking-backend.git/internal/app.(*Server).Run()" file="app.go:60"
time="2022-02-26T13:49:26+05:00" level=error msg="Incorrent login or password" func="github.com/Traking-work/traking-backend.git/pkg/handler.newErrorResponse()" file="response.go:14"
time="2022-02-26T13:49:30+05:00" level=error msg="Incorrent login or password" func="github.com/Traking-work/traking-backend.git/pkg/handler.newErrorResponse()" file="response.go:14"
time="2022-02-26T13:49:32+05:00" level=info msg="Login admin 62126614edfb5b2777ab879f" func="github.com/Traking-work/traking-backend.git/pkg/handler.(*Handler).Login()" file="auth.go:36"
time="2022-02-26T13:49:32+05:00" level=info msg="Get data user 62126614edfb5b2777ab879f" func="github.com/Traking-work/traking-backend.git/pkg/handler.(*Handler).GetDataUser()" file="staff.go:25"
time="2022-02-26T13:49:33+05:00" level=info msg="Get count workers 62126614edfb5b2777ab879f" func="github.com/Traking-work/traking-backend.git/pkg/handler.(*Handler).GetCountWorkers()" file="admin.go:40"
time="2022-02-26T13:49:33+05:00" level=info msg="Get teamleads" func="github.com/Traking-work/traking-backend.git/pkg/handler.(*Handler).GetTeamLeads()" file="admin.go:19"
time="2022-02-26T13:49:35+05:00" level=info msg="Get data user 62126614edfb5b2777ab879f" func="github.com/Traking-work/traking-backend.git/pkg/handler.(*Handler).GetDataUser()" file="staff.go:25"
time="2022-02-26T13:49:35+05:00" level=info msg="Get params main staff 62126614edfb5b2777ab879f" func="github.com/Traking-work/traking-backend.git/pkg/handler.(*Handler).GetParamsMain()" file="staff.go:239"
time="2022-02-26T13:49:35+05:00" level=info msg="Get params date staff 62126614edfb5b2777ab879f" func="github.com/Traking-work/traking-backend.git/pkg/handler.(*Handler).GetParamsDate()" file="staff.go:278"
time="2022-02-26T13:49:35+05:00" level=info msg="Get workers 62126614edfb5b2777ab879f" func="github.com/Traking-work/traking-backend.git/pkg/handler.(*Handler).GetWorkers()" file="admin.go:58"
time="2022-02-26T13:49:35+05:00" level=info msg="Get params main staff 62126614edfb5b2777ab879f" func="github.com/Traking-work/traking-backend.git/pkg/handler.(*Handler).GetParamsMain()" file="staff.go:239"
time="2022-02-26T13:49:35+05:00" level=info msg="Get params date staff 62126614edfb5b2777ab879f" func="github.com/Traking-work/traking-backend.git/pkg/handler.(*Handler).GetParamsDate()" file="staff.go:278"
time="2022-02-26T13:49:37+05:00" level=info msg="Get data user 62126614edfb5b2777ab879f" func="github.com/Traking-work/traking-backend.git/pkg/handler.(*Handler).GetDataUser()" file="staff.go:25"
time="2022-02-26T13:49:37+05:00" level=info msg="Get count workers 62126614edfb5b2777ab879f" func="github.com/Traking-work/traking-backend.git/pkg/handler.(*Handler).GetCountWorkers()" file="admin.go:40"
time="2022-02-26T13:49:37+05:00" level=info msg="Get teamleads" func="github.com/Traking-work/traking-backend.git/pkg/handler.(*Handler).GetTeamLeads()" file="admin.go:19"
time="2022-02-26T13:49:38+05:00" level=info msg="Get params date staff 62126614edfb5b2777ab879f" func="github.com/Traking-work/traking-backend.git/pkg/handler.(*Handler).GetParamsDate()" file="staff.go:278"
time="2022-02-26T13:49:38+05:00" level=info msg="Get params main staff 62126614edfb5b2777ab879f" func="github.com/Traking-work/traking-backend.git/pkg/handler.(*Handler).GetParamsMain()" file="staff.go:239"
time="2022-02-26T13:50:14+05:00" level=info msg="Get data user 62126614edfb5b2777ab879f" func="github.com/Traking-work/traking-backend.git/pkg/handler.(*Handler).GetDataUser()" file="staff.go:25"
time="2022-02-26T13:50:41+05:00" level=info msg="Get data user 62126614edfb5b2777ab879f" func="github.com/Traking-work/traking-backend.git/pkg/handler.(*Handler).GetDataUser()" file="staff.go:25"
time="2022-02-26T13:51:14+05:00" level=info msg="Get data user 62126614edfb5b2777ab879f" func="github.com/Traking-work/traking-backend.git/pkg/handler.(*Handler).GetDataUser()" file="staff.go:25"
time="2022-02-26T13:51:56+05:00" level=info msg="Get params main staff 62126614edfb5b2777ab879f" func="github.com/Traking-work/traking-backend.git/pkg/handler.(*Handler).GetParamsMain()" file="staff.go:239"
time="2022-02-26T13:51:56+05:00" level=info msg="Get workers 62126614edfb5b2777ab879f" func="github.com/Traking-work/traking-backend.git/pkg/handler.(*Handler).GetWorkers()" file="admin.go:58"
time="2022-02-26T13:51:56+05:00" level=info msg="Get data user 62126614edfb5b2777ab879f" func="github.com/Traking-work/traking-backend.git/pkg/handler.(*Handler).GetDataUser()" file="staff.go:25"
time="2022-02-26T13:51:56+05:00" level=info msg="Get params date staff 62126614edfb5b2777ab879f" func="github.com/Traking-work/traking-backend.git/pkg/handler.(*Handler).GetParamsDate()" file="staff.go:278"
time="2022-02-26T13:51:58+05:00" level=info msg="Get data user 62126614edfb5b2777ab879f" func="github.com/Traking-work/traking-backend.git/pkg/handler.(*Handler).GetDataUser()" file="staff.go:25"
time="2022-02-26T13:51:58+05:00" level=info msg="Get count workers 62126614edfb5b2777ab879f" func="github.com/Traking-work/traking-backend.git/pkg/handler.(*Handler).GetCountWorkers()" file="admin.go:40"
time="2022-02-26T13:51:58+05:00" level=info msg="Get teamleads" func="github.com/Traking-work/traking-backend.git/pkg/handler.(*Handler).GetTeamLeads()" file="admin.go:19"
time="2022-02-26T13:51:59+05:00" level=info msg="Get params date staff 62126614edfb5b2777ab879f" func="github.com/Traking-work/traking-backend.git/pkg/handler.(*Handler).GetParamsDate()" file="staff.go:278"
time="2022-02-26T13:51:59+05:00" level=info msg="Get params main staff 62126614edfb5b2777ab879f" func="github.com/Traking-work/traking-backend.git/pkg/handler.(*Handler).GetParamsMain()" file="staff.go:239"
time="2022-02-26T13:54:34+05:00" level=info msg="Add user test" func="github.com/Traking-work/traking-backend.git/pkg/handler.(*Handler).AddUser()" file="admin.go:80"
time="2022-02-26T13:54:34+05:00" level=info msg="Get count workers 62126614edfb5b2777ab879f" func="github.com/Traking-work/traking-backend.git/pkg/handler.(*Handler).GetCountWorkers()" file="admin.go:40"
time="2022-02-26T13:54:34+05:00" level=info msg="Get teamleads" func="github.com/Traking-work/traking-backend.git/pkg/handler.(*Handler).GetTeamLeads()" file="admin.go:19"
time="2022-02-26T13:54:36+05:00" level=info msg="Get data user 62126614edfb5b2777ab879f" func="github.com/Traking-work/traking-backend.git/pkg/handler.(*Handler).GetDataUser()" file="staff.go:25"
time="2022-02-26T13:54:36+05:00" level=info msg="Get params date staff 62126614edfb5b2777ab879f" func="github.com/Traking-work/traking-backend.git/pkg/handler.(*Handler).GetParamsDate()" file="staff.go:278"
time="2022-02-26T13:54:36+05:00" level=info msg="Get workers 62126614edfb5b2777ab879f" func="github.com/Traking-work/traking-backend.git/pkg/handler.(*Handler).GetWorkers()" file="admin.go:58"
time="2022-02-26T13:54:36+05:00" level=info msg="Get params main staff 62126614edfb5b2777ab879f" func="github.com/Traking-work/traking-backend.git/pkg/handler.(*Handler).GetParamsMain()" file="staff.go:239"
time="2022-02-26T13:54:37+05:00" level=info msg="Get data user 62126614edfb5b2777ab879f" func="github.com/Traking-work/traking-backend.git/pkg/handler.(*Handler).GetDataUser()" file="staff.go:25"
time="2022-02-26T13:54:37+05:00" level=info msg="Get params main staff 6219eaca3c36e7e1fa1bd0a7" func="github.com/Traking-work/traking-backend.git/pkg/handler.(*Handler).GetParamsMain()" file="staff.go:239"
time="2022-02-26T13:54:37+05:00" level=info msg="Get params date staff 6219eaca3c36e7e1fa1bd0a7" func="github.com/Traking-work/traking-backend.git/pkg/handler.(*Handler).GetParamsDate()" file="staff.go:278"
time="2022-02-26T13:54:37+05:00" level=info msg="Get accounts 6219eaca3c36e7e1fa1bd0a7" func="github.com/Traking-work/traking-backend.git/pkg/handler.(*Handler).GetAccounts()" file="staff.go:49"
time="2022-02-26T13:54:42+05:00" level=info msg="Add account 6219eaca3c36e7e1fa1bd0a7" func="github.com/Traking-work/traking-backend.git/pkg/handler.(*Handler).AddAccount()" file="staff.go:75"
time="2022-02-26T13:54:42+05:00" level=info msg="Get accounts 6219eaca3c36e7e1fa1bd0a7" func="github.com/Traking-work/traking-backend.git/pkg/handler.(*Handler).GetAccounts()" file="staff.go:49"
time="2022-02-26T13:54:43+05:00" level=info msg="Get data user 62126614edfb5b2777ab879f" func="github.com/Traking-work/traking-backend.git/pkg/handler.(*Handler).GetDataUser()" file="staff.go:25"
time="2022-02-26T13:54:43+05:00" level=info msg="Get data account 6219ead23c36e7e1fa1bd0a8" func="github.com/Traking-work/traking-backend.git/pkg/handler.(*Handler).GetDataAccount()" file="staff.go:109"
time="2022-02-26T13:55:04+05:00" level=info msg="Add pack 6219ead23c36e7e1fa1bd0a8" func="github.com/Traking-work/traking-backend.git/pkg/handler.(*Handler).AddPack()" file="staff.go:135"
time="2022-02-26T13:55:04+05:00" level=info msg="Get data account 6219ead23c36e7e1fa1bd0a8" func="github.com/Traking-work/traking-backend.git/pkg/handler.(*Handler).GetDataAccount()" file="staff.go:109"
time="2022-02-26T13:55:59+05:00" level=info msg="Get data account 6219ead23c36e7e1fa1bd0a8" func="github.com/Traking-work/traking-backend.git/pkg/handler.(*Handler).GetDataAccount()" file="staff.go:109"
time="2022-02-26T13:56:02+05:00" level=info msg="Get data account 6219ead23c36e7e1fa1bd0a8" func="github.com/Traking-work/traking-backend.git/pkg/handler.(*Handler).GetDataAccount()" file="staff.go:109"
time="2022-02-26T13:56:04+05:00" level=info msg="Get data account 6219ead23c36e7e1fa1bd0a8" func="github.com/Traking-work/traking-backend.git/pkg/handler.(*Handler).GetDataAccount()" file="staff.go:109"
time="2022-02-26T13:56:07+05:00" level=info msg="Get data account 6219ead23c36e7e1fa1bd0a8" func="github.com/Traking-work/traking-backend.git/pkg/handler.(*Handler).GetDataAccount()" file="staff.go:109"
time="2022-02-26T13:56:10+05:00" level=info msg="Get data account 6219ead23c36e7e1fa1bd0a8" func="github.com/Traking-work/traking-backend.git/pkg/handler.(*Handler).GetDataAccount()" file="staff.go:109"
time="2022-02-26T13:57:11+05:00" level=info msg="Get data user 62126614edfb5b2777ab879f" func="github.com/Traking-work/traking-backend.git/pkg/handler.(*Handler).GetDataUser()" file="staff.go:25"
time="2022-02-26T13:57:11+05:00" level=info msg="Get count workers 62126614edfb5b2777ab879f" func="github.com/Traking-work/traking-backend.git/pkg/handler.(*Handler).GetCountWorkers()" file="admin.go:40"
time="2022-02-26T13:57:11+05:00" level=info msg="Get teamleads" func="github.com/Traking-work/traking-backend.git/pkg/handler.(*Handler).GetTeamLeads()" file="admin.go:19"
time="2022-02-26T13:57:12+05:00" level=info msg="Get params main staff 62126614edfb5b2777ab879f" func="github.com/Traking-work/traking-backend.git/pkg/handler.(*Handler).GetParamsMain()" file="staff.go:239"
time="2022-02-26T13:57:12+05:00" level=info msg="Get params date staff 62126614edfb5b2777ab879f" func="github.com/Traking-work/traking-backend.git/pkg/handler.(*Handler).GetParamsDate()" file="staff.go:278"
time="2022-02-26T13:57:13+05:00" level=info msg="Get data user 62126614edfb5b2777ab879f" func="github.com/Traking-work/traking-backend.git/pkg/handler.(*Handler).GetDataUser()" file="staff.go:25"
time="2022-02-26T13:57:13+05:00" level=info msg="Get workers 62126614edfb5b2777ab879f" func="github.com/Traking-work/traking-backend.git/pkg/handler.(*Handler).GetWorkers()" file="admin.go:58"
time="2022-02-26T13:57:13+05:00" level=info msg="Get params main staff 62126614edfb5b2777ab879f" func="github.com/Traking-work/traking-backend.git/pkg/handler.(*Handler).GetParamsMain()" file="staff.go:239"
time="2022-02-26T13:57:13+05:00" level=info msg="Get params date staff 62126614edfb5b2777ab879f" func="github.com/Traking-work/traking-backend.git/pkg/handler.(*Handler).GetParamsDate()" file="staff.go:278"
time="2022-02-26T13:57:15+05:00" level=info msg="Get data user 62126614edfb5b2777ab879f" func="github.com/Traking-work/traking-backend.git/pkg/handler.(*Handler).GetDataUser()" file="staff.go:25"
time="2022-02-26T13:57:15+05:00" level=info msg="Get accounts 6219eaca3c36e7e1fa1bd0a7" func="github.com/Traking-work/traking-backend.git/pkg/handler.(*Handler).GetAccounts()" file="staff.go:49"
time="2022-02-26T13:57:15+05:00" level=info msg="Get params main staff 6219eaca3c36e7e1fa1bd0a7" func="github.com/Traking-work/traking-backend.git/pkg/handler.(*Handler).GetParamsMain()" file="staff.go:239"
time="2022-02-26T13:57:15+05:00" level=info msg="Get params date staff 6219eaca3c36e7e1fa1bd0a7" func="github.com/Traking-work/traking-backend.git/pkg/handler.(*Handler).GetParamsDate()" file="staff.go:278"
time="2022-02-26T13:58:33+05:00" level=info msg="Delete user 6219eaca3c36e7e1fa1bd0a7" func="github.com/Traking-work/traking-backend.git/pkg/handler.(*Handler).DeleteUser()" file="admin.go:101"
time="2022-02-26T13:58:33+05:00" level=info msg="Get count workers 62126614edfb5b2777ab879f" func="github.com/Traking-work/traking-backend.git/pkg/handler.(*Handler).GetCountWorkers()" file="admin.go:40"
time="2022-02-26T13:58:33+05:00" level=info msg="Get data user 62126614edfb5b2777ab879f" func="github.com/Traking-work/traking-backend.git/pkg/handler.(*Handler).GetDataUser()" file="staff.go:25"
time="2022-02-26T13:58:34+05:00" level=info msg="Get teamleads" func="github.com/Traking-work/traking-backend.git/pkg/handler.(*Handler).GetTeamLeads()" file="admin.go:19"
time="2022-02-26T13:58:34+05:00" level=info msg="Get params main staff 62126614edfb5b2777ab879f" func="github.com/Traking-work/traking-backend.git/pkg/handler.(*Handler).GetParamsMain()" file="staff.go:239"
time="2022-02-26T13:58:35+05:00" level=info msg="Get params date staff 62126614edfb5b2777ab879f" func="github.com/Traking-work/traking-backend.git/pkg/handler.(*Handler).GetParamsDate()" file="staff.go:278"
time="2022-02-26T13:59:35+05:00" level=info msg="Add user test" func="github.com/Traking-work/traking-backend.git/pkg/handler.(*Handler).AddUser()" file="admin.go:80"
time="2022-02-26T13:59:35+05:00" level=info msg="Get count workers 62126614edfb5b2777ab879f" func="github.com/Traking-work/traking-backend.git/pkg/handler.(*Handler).GetCountWorkers()" file="admin.go:40"
time="2022-02-26T13:59:35+05:00" level=info msg="Get teamleads" func="github.com/Traking-work/traking-backend.git/pkg/handler.(*Handler).GetTeamLeads()" file="admin.go:19"
time="2022-02-26T13:59:47+05:00" level=info msg="Add user testStaff" func="github.com/Traking-work/traking-backend.git/pkg/handler.(*Handler).AddUser()" file="admin.go:80"
time="2022-02-26T13:59:47+05:00" level=info msg="Get count workers 62126614edfb5b2777ab879f" func="github.com/Traking-work/traking-backend.git/pkg/handler.(*Handler).GetCountWorkers()" file="admin.go:40"
time="2022-02-26T13:59:47+05:00" level=info msg="Get teamleads" func="github.com/Traking-work/traking-backend.git/pkg/handler.(*Handler).GetTeamLeads()" file="admin.go:19"
time="2022-02-26T13:59:49+05:00" level=info msg="Get data user 62126614edfb5b2777ab879f" func="github.com/Traking-work/traking-backend.git/pkg/handler.(*Handler).GetDataUser()" file="staff.go:25"
time="2022-02-26T13:59:49+05:00" level=info msg="Get params main staff 6219ebf73c36e7e1fa1bd0aa" func="github.com/Traking-work/traking-backend.git/pkg/handler.(*Handler).GetParamsMain()" file="staff.go:239"
time="2022-02-26T13:59:49+05:00" level=info msg="Get staff 6219ebf73c36e7e1fa1bd0aa" func="github.com/Traking-work/traking-backend.git/pkg/handler.(*Handler).GetStaff()" file="teamlead.go:23"
time="2022-02-26T13:59:49+05:00" level=info msg="Get params date staff 6219ebf73c36e7e1fa1bd0aa" func="github.com/Traking-work/traking-backend.git/pkg/handler.(*Handler).GetParamsDate()" file="staff.go:278"
time="2022-02-26T13:59:50+05:00" level=info msg="Get data user 62126614edfb5b2777ab879f" func="github.com/Traking-work/traking-backend.git/pkg/handler.(*Handler).GetDataUser()" file="staff.go:25"
time="2022-02-26T13:59:50+05:00" level=info msg="Get params main staff 6219ec033c36e7e1fa1bd0ab" func="github.com/Traking-work/traking-backend.git/pkg/handler.(*Handler).GetParamsMain()" file="staff.go:239"
time="2022-02-26T13:59:50+05:00" level=info msg="Get params date staff 6219ec033c36e7e1fa1bd0ab" func="github.com/Traking-work/traking-backend.git/pkg/handler.(*Handler).GetParamsDate()" file="staff.go:278"
time="2022-02-26T13:59:50+05:00" level=info msg="Get accounts 6219ec033c36e7e1fa1bd0ab" func="github.com/Traking-work/traking-backend.git/pkg/handler.(*Handler).GetAccounts()" file="staff.go:49"
time="2022-02-26T13:59:53+05:00" level=info msg="Add account 6219ec033c36e7e1fa1bd0ab" func="github.com/Traking-work/traking-backend.git/pkg/handler.(*Handler).AddAccount()" file="staff.go:75"
time="2022-02-26T13:59:53+05:00" level=info msg="Get accounts 6219ec033c36e7e1fa1bd0ab" func="github.com/Traking-work/traking-backend.git/pkg/handler.(*Handler).GetAccounts()" file="staff.go:49"
time="2022-02-26T13:59:55+05:00" level=info msg="Get data user 62126614edfb5b2777ab879f" func="github.com/Traking-work/traking-backend.git/pkg/handler.(*Handler).GetDataUser()" file="staff.go:25"
time="2022-02-26T13:59:55+05:00" level=info msg="Get data account 6219ec093c36e7e1fa1bd0ac" func="github.com/Traking-work/traking-backend.git/pkg/handler.(*Handler).GetDataAccount()" file="staff.go:109"
time="2022-02-26T14:00:01+05:00" level=info msg="Add pack 6219ec093c36e7e1fa1bd0ac" func="github.com/Traking-work/traking-backend.git/pkg/handler.(*Handler).AddPack()" file="staff.go:135"
time="2022-02-26T14:00:01+05:00" level=info msg="Get data account 6219ec093c36e7e1fa1bd0ac" func="github.com/Traking-work/traking-backend.git/pkg/handler.(*Handler).GetDataAccount()" file="staff.go:109"
time="2022-02-26T14:00:05+05:00" level=info msg="Get count workers 62126614edfb5b2777ab879f" func="github.com/Traking-work/traking-backend.git/pkg/handler.(*Handler).GetCountWorkers()" file="admin.go:40"
time="2022-02-26T14:00:05+05:00" level=info msg="Get data user 62126614edfb5b2777ab879f" func="github.com/Traking-work/traking-backend.git/pkg/handler.(*Handler).GetDataUser()" file="staff.go:25"
time="2022-02-26T14:00:05+05:00" level=info msg="Get teamleads" func="github.com/Traking-work/traking-backend.git/pkg/handler.(*Handler).GetTeamLeads()" file="admin.go:19"
time="2022-02-26T14:00:06+05:00" level=info msg="Get params date staff 62126614edfb5b2777ab879f" func="github.com/Traking-work/traking-backend.git/pkg/handler.(*Handler).GetParamsDate()" file="staff.go:278"
time="2022-02-26T14:00:06+05:00" level=info msg="Get params main staff 62126614edfb5b2777ab879f" func="github.com/Traking-work/traking-backend.git/pkg/handler.(*Handler).GetParamsMain()" file="staff.go:239"
time="2022-02-26T14:00:06+05:00" level=info msg="Get data user 62126614edfb5b2777ab879f" func="github.com/Traking-work/traking-backend.git/pkg/handler.(*Handler).GetDataUser()" file="staff.go:25"
time="2022-02-26T14:00:06+05:00" level=info msg="Get staff 6219ebf73c36e7e1fa1bd0aa" func="github.com/Traking-work/traking-backend.git/pkg/handler.(*Handler).GetStaff()" file="teamlead.go:23"
time="2022-02-26T14:00:06+05:00" level=info msg="Get params main staff 6219ebf73c36e7e1fa1bd0aa" func="github.com/Traking-work/traking-backend.git/pkg/handler.(*Handler).GetParamsMain()" file="staff.go:239"
time="2022-02-26T14:00:06+05:00" level=info msg="Get params date staff 6219ebf73c36e7e1fa1bd0aa" func="github.com/Traking-work/traking-backend.git/pkg/handler.(*Handler).GetParamsDate()" file="staff.go:278"
time="2022-02-26T14:00:30+05:00" level=info msg="Delete user 6219ebf73c36e7e1fa1bd0aa" func="github.com/Traking-work/traking-backend.git/pkg/handler.(*Handler).DeleteUser()" file="admin.go:101"
time="2022-02-26T14:00:30+05:00" level=info msg="Get data user 62126614edfb5b2777ab879f" func="github.com/Traking-work/traking-backend.git/pkg/handler.(*Handler).GetDataUser()" file="staff.go:25"
time="2022-02-26T14:00:30+05:00" level=info msg="Get count workers 62126614edfb5b2777ab879f" func="github.com/Traking-work/traking-backend.git/pkg/handler.(*Handler).GetCountWorkers()" file="admin.go:40"
time="2022-02-26T14:00:30+05:00" level=info msg="Get teamleads" func="github.com/Traking-work/traking-backend.git/pkg/handler.(*Handler).GetTeamLeads()" file="admin.go:19"
time="2022-02-26T14:00:31+05:00" level=info msg="Get params main staff 62126614edfb5b2777ab879f" func="github.com/Traking-work/traking-backend.git/pkg/handler.(*Handler).GetParamsMain()" file="staff.go:239"
time="2022-02-26T14:00:31+05:00" level=info msg="Get params date staff 62126614edfb5b2777ab879f" func="github.com/Traking-work/traking-backend.git/pkg/handler.(*Handler).GetParamsDate()" file="staff.go:278"
time="2022-02-26T14:01:48+05:00" level=info msg="Success initializing configs" func="github.com/Traking-work/traking-backend.git/internal/app.(*Server).Run()" file="app.go:31"
time="2022-02-26T14:01:48+05:00" level=info msg="Success loading env variables" func="github.com/Traking-work/traking-backend.git/internal/app.(*Server).Run()" file="app.go:37"
time="2022-02-26T14:01:52+05:00" level=info msg="Success connect mongodb" func="github.com/Traking-work/traking-backend.git/internal/app.(*Server).Run()" file="app.go:44"
time="2022-02-26T14:01:52+05:00" level=info msg="Listen server..." func="github.com/Traking-work/traking-backend.git/internal/app.(*Server).Run()" file="app.go:60"
time="2022-02-26T14:02:06+05:00" level=info msg="Add user testStaff" func="github.com/Traking-work/traking-backend.git/pkg/handler.(*Handler).AddUser()" file="admin.go:80"
time="2022-02-26T14:02:06+05:00" level=info msg="Get count workers 62126614edfb5b2777ab879f" func="github.com/Traking-work/traking-backend.git/pkg/handler.(*Handler).GetCountWorkers()" file="admin.go:40"
time="2022-02-26T14:02:06+05:00" level=info msg="Get teamleads" func="github.com/Traking-work/traking-backend.git/pkg/handler.(*Handler).GetTeamLeads()" file="admin.go:19"
time="2022-02-26T14:02:07+05:00" level=info msg="Get data user 62126614edfb5b2777ab879f" func="github.com/Traking-work/traking-backend.git/pkg/handler.(*Handler).GetDataUser()" file="staff.go:25"
time="2022-02-26T14:02:07+05:00" level=info msg="Get params main staff 6219ebf73c36e7e1fa1bd0aa" func="github.com/Traking-work/traking-backend.git/pkg/handler.(*Handler).GetParamsMain()" file="staff.go:239"
time="2022-02-26T14:02:07+05:00" level=info msg="Get params date staff 6219ebf73c36e7e1fa1bd0aa" func="github.com/Traking-work/traking-backend.git/pkg/handler.(*Handler).GetParamsDate()" file="staff.go:278"
time="2022-02-26T14:02:07+05:00" level=info msg="Get staff 6219ebf73c36e7e1fa1bd0aa" func="github.com/Traking-work/traking-backend.git/pkg/handler.(*Handler).GetStaff()" file="teamlead.go:23"
time="2022-02-26T14:02:08+05:00" level=info msg="Get data user 62126614edfb5b2777ab879f" func="github.com/Traking-work/traking-backend.git/pkg/handler.(*Handler).GetDataUser()" file="staff.go:25"
time="2022-02-26T14:02:08+05:00" level=info msg="Get params date staff 6219ec8e7962824d30f640e8" func="github.com/Traking-work/traking-backend.git/pkg/handler.(*Handler).GetParamsDate()" file="staff.go:278"
time="2022-02-26T14:02:08+05:00" level=info msg="Get params main staff 6219ec8e7962824d30f640e8" func="github.com/Traking-work/traking-backend.git/pkg/handler.(*Handler).GetParamsMain()" file="staff.go:239"
time="2022-02-26T14:02:08+05:00" level=info msg="Get accounts 6219ec8e7962824d30f640e8" func="github.com/Traking-work/traking-backend.git/pkg/handler.(*Handler).GetAccounts()" file="staff.go:49"
time="2022-02-26T14:02:11+05:00" level=info msg="Add account 6219ec8e7962824d30f640e8" func="github.com/Traking-work/traking-backend.git/pkg/handler.(*Handler).AddAccount()" file="staff.go:75"
time="2022-02-26T14:02:11+05:00" level=info msg="Get accounts 6219ec8e7962824d30f640e8" func="github.com/Traking-work/traking-backend.git/pkg/handler.(*Handler).GetAccounts()" file="staff.go:49"
time="2022-02-26T14:02:13+05:00" level=info msg="Get data user 62126614edfb5b2777ab879f" func="github.com/Traking-work/traking-backend.git/pkg/handler.(*Handler).GetDataUser()" file="staff.go:25"
time="2022-02-26T14:02:13+05:00" level=info msg="Get data account 6219ec937962824d30f640e9" func="github.com/Traking-work/traking-backend.git/pkg/handler.(*Handler).GetDataAccount()" file="staff.go:109"
time="2022-02-26T14:02:19+05:00" level=info msg="Add pack 6219ec937962824d30f640e9" func="github.com/Traking-work/traking-backend.git/pkg/handler.(*Handler).AddPack()" file="staff.go:135"
time="2022-02-26T14:02:19+05:00" level=info msg="Get data account 6219ec937962824d30f640e9" func="github.com/Traking-work/traking-backend.git/pkg/handler.(*Handler).GetDataAccount()" file="staff.go:109"
time="2022-02-26T14:02:21+05:00" level=info msg="Get data user 62126614edfb5b2777ab879f" func="github.com/Traking-work/traking-backend.git/pkg/handler.(*Handler).GetDataUser()" file="staff.go:25"
time="2022-02-26T14:02:21+05:00" level=info msg="Get count workers 62126614edfb5b2777ab879f" func="github.com/Traking-work/traking-backend.git/pkg/handler.(*Handler).GetCountWorkers()" file="admin.go:40"
time="2022-02-26T14:02:21+05:00" level=info msg="Get teamleads" func="github.com/Traking-work/traking-backend.git/pkg/handler.(*Handler).GetTeamLeads()" file="admin.go:19"
time="2022-02-26T14:02:22+05:00" level=info msg="Get params main staff 62126614edfb5b2777ab879f" func="github.com/Traking-work/traking-backend.git/pkg/handler.(*Handler).GetParamsMain()" file="staff.go:239"
time="2022-02-26T14:02:22+05:00" level=info msg="Get params date staff 62126614edfb5b2777ab879f" func="github.com/Traking-work/traking-backend.git/pkg/handler.(*Handler).GetParamsDate()" file="staff.go:278"
time="2022-02-26T14:02:22+05:00" level=info msg="Get data user 62126614edfb5b2777ab879f" func="github.com/Traking-work/traking-backend.git/pkg/handler.(*Handler).GetDataUser()" file="staff.go:25"
time="2022-02-26T14:02:22+05:00" level=info msg="Get staff 6219ebf73c36e7e1fa1bd0aa" func="github.com/Traking-work/traking-backend.git/pkg/handler.(*Handler).GetStaff()" file="teamlead.go:23"
time="2022-02-26T14:02:22+05:00" level=info msg="Get params main staff 6219ebf73c36e7e1fa1bd0aa" func="github.com/Traking-work/traking-backend.git/pkg/handler.(*Handler).GetParamsMain()" file="staff.go:239"
time="2022-02-26T14:02:23+05:00" level=info msg="Get params date staff 6219ebf73c36e7e1fa1bd0aa" func="github.com/Traking-work/traking-backend.git/pkg/handler.(*Handler).GetParamsDate()" file="staff.go:278"
time="2022-02-26T14:02:40+05:00" level=info msg="Delete user 6219ebf73c36e7e1fa1bd0aa" func="github.com/Traking-work/traking-backend.git/pkg/handler.(*Handler).DeleteUser()" file="admin.go:101"
time="2022-02-26T14:02:40+05:00" level=info msg="Get data user 62126614edfb5b2777ab879f" func="github.com/Traking-work/traking-backend.git/pkg/handler.(*Handler).GetDataUser()" file="staff.go:25"
time="2022-02-26T14:02:40+05:00" level=info msg="Get count workers 62126614edfb5b2777ab879f" func="github.com/Traking-work/traking-backend.git/pkg/handler.(*Handler).GetCountWorkers()" file="admin.go:40"
time="2022-02-26T14:02:40+05:00" level=info msg="Get teamleads" func="github.com/Traking-work/traking-backend.git/pkg/handler.(*Handler).GetTeamLeads()" file="admin.go:19"
time="2022-02-26T14:02:41+05:00" level=info msg="Get params main staff 62126614edfb5b2777ab879f" func="github.com/Traking-work/traking-backend.git/pkg/handler.(*Handler).GetParamsMain()" file="staff.go:239"
time="2022-02-26T14:02:41+05:00" level=info msg="Get params date staff 62126614edfb5b2777ab879f" func="github.com/Traking-work/traking-backend.git/pkg/handler.(*Handler).GetParamsDate()" file="staff.go:278"
time="2022-02-26T14:02:59+05:00" level=info msg="Add user testStaff" func="github.com/Traking-work/traking-backend.git/pkg/handler.(*Handler).AddUser()" file="admin.go:80"
time="2022-02-26T14:02:59+05:00" level=info msg="Get count workers 62126614edfb5b2777ab879f" func="github.com/Traking-work/traking-backend.git/pkg/handler.(*Handler).GetCountWorkers()" file="admin.go:40"
time="2022-02-26T14:02:59+05:00" level=info msg="Get teamleads" func="github.com/Traking-work/traking-backend.git/pkg/handler.(*Handler).GetTeamLeads()" file="admin.go:19"
time="2022-02-26T14:03:01+05:00" level=info msg="Get data user 62126614edfb5b2777ab879f" func="github.com/Traking-work/traking-backend.git/pkg/handler.(*Handler).GetDataUser()" file="staff.go:25"
time="2022-02-26T14:03:01+05:00" level=info msg="Get params main staff 62126614edfb5b2777ab879f" func="github.com/Traking-work/traking-backend.git/pkg/handler.(*Handler).GetParamsMain()" file="staff.go:239"
time="2022-02-26T14:03:01+05:00" level=info msg="Get workers 62126614edfb5b2777ab879f" func="github.com/Traking-work/traking-backend.git/pkg/handler.(*Handler).GetWorkers()" file="admin.go:58"
time="2022-02-26T14:03:01+05:00" level=info msg="Get params date staff 62126614edfb5b2777ab879f" func="github.com/Traking-work/traking-backend.git/pkg/handler.(*Handler).GetParamsDate()" file="staff.go:278"
time="2022-02-26T14:03:01+05:00" level=info msg="Get data user 62126614edfb5b2777ab879f" func="github.com/Traking-work/traking-backend.git/pkg/handler.(*Handler).GetDataUser()" file="staff.go:25"
time="2022-02-26T14:03:01+05:00" level=info msg="Get params date staff 6219ecc37962824d30f640eb" func="github.com/Traking-work/traking-backend.git/pkg/handler.(*Handler).GetParamsDate()" file="staff.go:278"
time="2022-02-26T14:03:01+05:00" level=info msg="Get params main staff 6219ecc37962824d30f640eb" func="github.com/Traking-work/traking-backend.git/pkg/handler.(*Handler).GetParamsMain()" file="staff.go:239"
time="2022-02-26T14:03:01+05:00" level=info msg="Get accounts 6219ecc37962824d30f640eb" func="github.com/Traking-work/traking-backend.git/pkg/handler.(*Handler).GetAccounts()" file="staff.go:49"
time="2022-02-26T14:03:04+05:00" level=info msg="Add account 6219ecc37962824d30f640eb" func="github.com/Traking-work/traking-backend.git/pkg/handler.(*Handler).AddAccount()" file="staff.go:75"
time="2022-02-26T14:03:04+05:00" level=info msg="Get accounts 6219ecc37962824d30f640eb" func="github.com/Traking-work/traking-backend.git/pkg/handler.(*Handler).GetAccounts()" file="staff.go:49"
time="2022-02-26T14:03:04+05:00" level=info msg="Get data user 62126614edfb5b2777ab879f" func="github.com/Traking-work/traking-backend.git/pkg/handler.(*Handler).GetDataUser()" file="staff.go:25"
time="2022-02-26T14:03:04+05:00" level=info msg="Get data account 6219ecc87962824d30f640ec" func="github.com/Traking-work/traking-backend.git/pkg/handler.(*Handler).GetDataAccount()" file="staff.go:109"
time="2022-02-26T14:03:09+05:00" level=info msg="Add pack 6219ecc87962824d30f640ec" func="github.com/Traking-work/traking-backend.git/pkg/handler.(*Handler).AddPack()" file="staff.go:135"
time="2022-02-26T14:03:10+05:00" level=info msg="Get data account 6219ecc87962824d30f640ec" func="github.com/Traking-work/traking-backend.git/pkg/handler.(*Handler).GetDataAccount()" file="staff.go:109"
time="2022-02-26T14:03:11+05:00" level=info msg="Get data user 62126614edfb5b2777ab879f" func="github.com/Traking-work/traking-backend.git/pkg/handler.(*Handler).GetDataUser()" file="staff.go:25"
time="2022-02-26T14:03:11+05:00" level=info msg="Get count workers 62126614edfb5b2777ab879f" func="github.com/Traking-work/traking-backend.git/pkg/handler.(*Handler).GetCountWorkers()" file="admin.go:40"
time="2022-02-26T14:03:11+05:00" level=info msg="Get teamleads" func="github.com/Traking-work/traking-backend.git/pkg/handler.(*Handler).GetTeamLeads()" file="admin.go:19"
time="2022-02-26T14:03:12+05:00" level=info msg="Get params date staff 62126614edfb5b2777ab879f" func="github.com/Traking-work/traking-backend.git/pkg/handler.(*Handler).GetParamsDate()" file="staff.go:278"
time="2022-02-26T14:03:12+05:00" level=info msg="Get params main staff 62126614edfb5b2777ab879f" func="github.com/Traking-work/traking-backend.git/pkg/handler.(*Handler).GetParamsMain()" file="staff.go:239"
time="2022-02-26T14:03:23+05:00" level=info msg="Get data user 62126614edfb5b2777ab879f" func="github.com/Traking-work/traking-backend.git/pkg/handler.(*Handler).GetDataUser()" file="staff.go:25"
time="2022-02-26T14:03:23+05:00" level=info msg="Get workers 62126614edfb5b2777ab879f" func="github.com/Traking-work/traking-backend.git/pkg/handler.(*Handler).GetWorkers()" file="admin.go:58"
time="2022-02-26T14:03:23+05:00" level=info msg="Get params main staff 62126614edfb5b2777ab879f" func="github.com/Traking-work/traking-backend.git/pkg/handler.(*Handler).GetParamsMain()" file="staff.go:239"
time="2022-02-26T14:03:23+05:00" level=info msg="Get params date staff 62126614edfb5b2777ab879f" func="github.com/Traking-work/traking-backend.git/pkg/handler.(*Handler).GetParamsDate()" file="staff.go:278"
time="2022-02-26T14:03:24+05:00" level=info msg="Get data user 62126614edfb5b2777ab879f" func="github.com/Traking-work/traking-backend.git/pkg/handler.(*Handler).GetDataUser()" file="staff.go:25"
time="2022-02-26T14:03:24+05:00" level=info msg="Get accounts 6219ecc37962824d30f640eb" func="github.com/Traking-work/traking-backend.git/pkg/handler.(*Handler).GetAccounts()" file="staff.go:49"
time="2022-02-26T14:03:24+05:00" level=info msg="Get params main staff 6219ecc37962824d30f640eb" func="github.com/Traking-work/traking-backend.git/pkg/handler.(*Handler).GetParamsMain()" file="staff.go:239"
time="2022-02-26T14:03:24+05:00" level=info msg="Get params date staff 6219ecc37962824d30f640eb" func="github.com/Traking-work/traking-backend.git/pkg/handler.(*Handler).GetParamsDate()" file="staff.go:278"
time="2022-02-26T14:03:25+05:00" level=info msg="Delete user 6219ecc37962824d30f640eb" func="github.com/Traking-work/traking-backend.git/pkg/handler.(*Handler).DeleteUser()" file="admin.go:101"
time="2022-02-26T14:03:26+05:00" level=info msg="Get data user 62126614edfb5b2777ab879f" func="github.com/Traking-work/traking-backend.git/pkg/handler.(*Handler).GetDataUser()" file="staff.go:25"
time="2022-02-26T14:03:26+05:00" level=info msg="Get count workers 62126614edfb5b2777ab879f" func="github.com/Traking-work/traking-backend.git/pkg/handler.(*Handler).GetCountWorkers()" file="admin.go:40"
time="2022-02-26T14:03:26+05:00" level=info msg="Get teamleads" func="github.com/Traking-work/traking-backend.git/pkg/handler.(*Handler).GetTeamLeads()" file="admin.go:19"
time="2022-02-26T14:03:27+05:00" level=info msg="Get params main staff 62126614edfb5b2777ab879f" func="github.com/Traking-work/traking-backend.git/pkg/handler.(*Handler).GetParamsMain()" file="staff.go:239"
time="2022-02-26T14:03:27+05:00" level=info msg="Get params date staff 62126614edfb5b2777ab879f" func="github.com/Traking-work/traking-backend.git/pkg/handler.(*Handler).GetParamsDate()" file="staff.go:278"
